app/build/intermediates/manifest_merge_blame_file/debug/manifest-merger-blame-debug-report.txt
1<?xml version="1.0" encoding="utf-8"?>
2<manifest xmlns:android="http://schemas.android.com/apk/res/android"
3    package="com.example.myapplication"
4    android:versionCode="1"
5    android:versionName="1.0" >
6
7    <uses-sdk
8        android:minSdkVersion="16"
8-->src\main\AndroidManifest.xml
9        android:targetSdkVersion="30" />
9-->src\main\AndroidManifest.xml
10
11    <!-- Although the *SdkVersion is captured in gradle build files, this is required for non gradle builds -->
12    <!-- <uses-sdk android:minSdkVersion="14"/> -->
13    <uses-permission android:name="android.permission.ACCESS_NETWORK_STATE" />
13-->[com.google.firebase:firebase-database:19.5.1] AndroidManifest.xml:25:5-79
13-->[com.google.firebase:firebase-database:19.5.1] AndroidManifest.xml:25:22-76
14    <uses-permission android:name="android.permission.INTERNET" />
14-->[com.google.firebase:firebase-database:19.5.1] AndroidManifest.xml:26:5-67
14-->[com.google.firebase:firebase-database:19.5.1] AndroidManifest.xml:26:22-64
15    <uses-permission android:name="android.permission.WAKE_LOCK" />
15-->[com.google.android.gms:play-services-measurement-api:18.0.0] AndroidManifest.xml:24:5-68
15-->[com.google.android.gms:play-services-measurement-api:18.0.0] AndroidManifest.xml:24:22-65
16    <uses-permission android:name="com.google.android.finsky.permission.BIND_GET_INSTALL_REFERRER_SERVICE" />
16-->[com.google.android.gms:play-services-measurement:18.0.0] AndroidManifest.xml:26:5-110
16-->[com.google.android.gms:play-services-measurement:18.0.0] AndroidManifest.xml:26:22-107
17
18    <application
18-->src\main\AndroidManifest.xml:5:5-22:19
19        android:allowBackup="true"
19-->src\main\AndroidManifest.xml:6:9-35
20        android:appComponentFactory="androidx.core.app.CoreComponentFactory"
20-->[androidx.core:core:1.3.1] AndroidManifest.xml:24:18-86
21        android:debuggable="true"
22        android:icon="@mipmap/ic_launcher"
22-->src\main\AndroidManifest.xml:7:9-43
23        android:label="@string/app_name"
23-->src\main\AndroidManifest.xml:8:9-41
24        android:roundIcon="@mipmap/ic_launcher_round"
24-->src\main\AndroidManifest.xml:9:9-54
25        android:supportsRtl="true"
25-->src\main\AndroidManifest.xml:10:9-35
26        android:testOnly="true"
27        android:theme="@style/Theme.MyApplication" >
27-->src\main\AndroidManifest.xml:11:9-51
28        <activity android:name="com.example.myapplication.Credentials" />
28-->src\main\AndroidManifest.xml:12:9-58
28-->src\main\AndroidManifest.xml:12:19-46
29        <activity android:name="com.example.myapplication.ParkingLot" />
29-->src\main\AndroidManifest.xml:13:9-48
29-->src\main\AndroidManifest.xml:13:19-45
30        <activity android:name="com.example.myapplication.MainActivity" >
30-->src\main\AndroidManifest.xml:14:9-20:20
30-->src\main\AndroidManifest.xml:14:19-47
31            <intent-filter>
31-->src\main\AndroidManifest.xml:15:13-19:29
32                <action android:name="android.intent.action.MAIN" />
32-->src\main\AndroidManifest.xml:16:17-69
32-->src\main\AndroidManifest.xml:16:25-66
33
34                <category android:name="android.intent.category.LAUNCHER" />
34-->src\main\AndroidManifest.xml:18:17-77
34-->src\main\AndroidManifest.xml:18:27-74
35            </intent-filter>
36        </activity>
37        <activity android:name="com.example.myapplication.SignUp" />
37-->src\main\AndroidManifest.xml:21:9-44
37-->src\main\AndroidManifest.xml:21:19-41
38
39        <service
39-->[com.google.firebase:firebase-database:19.5.1] AndroidManifest.xml:29:9-35:19
40            android:name="com.google.firebase.components.ComponentDiscoveryService"
40-->[com.google.firebase:firebase-database:19.5.1] AndroidManifest.xml:30:13-84
41            android:directBootAware="true"
41-->[com.google.firebase:firebase-common:19.4.0] AndroidManifest.xml:35:13-43
42            android:exported="false" >
42-->[com.google.firebase:firebase-database:19.5.1] AndroidManifest.xml:31:13-37
43            <meta-data
43-->[com.google.firebase:firebase-database:19.5.1] AndroidManifest.xml:32:13-34:85
44                android:name="com.google.firebase.components:com.google.firebase.database.DatabaseRegistrar"
44-->[com.google.firebase:firebase-database:19.5.1] AndroidManifest.xml:33:17-109
45                android:value="com.google.firebase.components.ComponentRegistrar" />
45-->[com.google.firebase:firebase-database:19.5.1] AndroidManifest.xml:34:17-82
46            <meta-data
46-->[com.google.firebase:firebase-auth:20.0.1] AndroidManifest.xml:77:13-79:85
47                android:name="com.google.firebase.components:com.google.firebase.auth.FirebaseAuthRegistrar"
47-->[com.google.firebase:firebase-auth:20.0.1] AndroidManifest.xml:78:17-109
48                android:value="com.google.firebase.components.ComponentRegistrar" />
48-->[com.google.firebase:firebase-auth:20.0.1] AndroidManifest.xml:79:17-82
49            <meta-data
49-->[com.google.android.gms:play-services-measurement-api:18.0.0] AndroidManifest.xml:30:13-32:85
50                android:name="com.google.firebase.components:com.google.firebase.analytics.connector.internal.AnalyticsConnectorRegistrar"
50-->[com.google.android.gms:play-services-measurement-api:18.0.0] AndroidManifest.xml:31:17-139
51                android:value="com.google.firebase.components.ComponentRegistrar" />
51-->[com.google.android.gms:play-services-measurement-api:18.0.0] AndroidManifest.xml:32:17-82
52            <meta-data
52-->[com.google.firebase:firebase-installations:16.3.4] AndroidManifest.xml:18:13-20:85
53                android:name="com.google.firebase.components:com.google.firebase.installations.FirebaseInstallationsRegistrar"
53-->[com.google.firebase:firebase-installations:16.3.4] AndroidManifest.xml:19:17-127
54                android:value="com.google.firebase.components.ComponentRegistrar" />
54-->[com.google.firebase:firebase-installations:16.3.4] AndroidManifest.xml:20:17-82
55        </service>
56
57        <activity
57-->[com.google.firebase:firebase-auth:20.0.1] AndroidManifest.xml:27:9-44:20
58            android:name="com.google.firebase.auth.internal.GenericIdpActivity"
58-->[com.google.firebase:firebase-auth:20.0.1] AndroidManifest.xml:28:13-80
59            android:excludeFromRecents="true"
59-->[com.google.firebase:firebase-auth:20.0.1] AndroidManifest.xml:29:13-46
60            android:exported="true"
60-->[com.google.firebase:firebase-auth:20.0.1] AndroidManifest.xml:30:13-36
61            android:launchMode="singleTask"
61-->[com.google.firebase:firebase-auth:20.0.1] AndroidManifest.xml:31:13-44
62            android:theme="@android:style/Theme.Translucent.NoTitleBar" >
62-->[com.google.firebase:firebase-auth:20.0.1] AndroidManifest.xml:32:13-72
63            <intent-filter>
63-->[com.google.firebase:firebase-auth:20.0.1] AndroidManifest.xml:33:13-43:29
64                <action android:name="android.intent.action.VIEW" />
64-->[com.google.firebase:firebase-auth:20.0.1] AndroidManifest.xml:34:17-69
64-->[com.google.firebase:firebase-auth:20.0.1] AndroidManifest.xml:34:25-66
65
66                <category android:name="android.intent.category.DEFAULT" />
66-->[com.google.firebase:firebase-auth:20.0.1] AndroidManifest.xml:36:17-76
66-->[com.google.firebase:firebase-auth:20.0.1] AndroidManifest.xml:36:27-73
67                <category android:name="android.intent.category.BROWSABLE" />
67-->[com.google.firebase:firebase-auth:20.0.1] AndroidManifest.xml:37:17-78
67-->[com.google.firebase:firebase-auth:20.0.1] AndroidManifest.xml:37:27-75
68
69                <data
69-->[com.google.firebase:firebase-auth:20.0.1] AndroidManifest.xml:39:17-42:51
70                    android:host="firebase.auth"
70-->[com.google.firebase:firebase-auth:20.0.1] AndroidManifest.xml:40:21-49
71                    android:path="/"
71-->[com.google.firebase:firebase-auth:20.0.1] AndroidManifest.xml:41:21-37
72                    android:scheme="genericidp" />
72-->[com.google.firebase:firebase-auth:20.0.1] AndroidManifest.xml:42:21-48
73            </intent-filter>
74        </activity>
75        <activity
75-->[com.google.firebase:firebase-auth:20.0.1] AndroidManifest.xml:45:9-62:20
76            android:name="com.google.firebase.auth.internal.RecaptchaActivity"
76-->[com.google.firebase:firebase-auth:20.0.1] AndroidManifest.xml:46:13-79
77            android:excludeFromRecents="true"
77-->[com.google.firebase:firebase-auth:20.0.1] AndroidManifest.xml:47:13-46
78            android:exported="true"
78-->[com.google.firebase:firebase-auth:20.0.1] AndroidManifest.xml:48:13-36
79            android:launchMode="singleTask"
79-->[com.google.firebase:firebase-auth:20.0.1] AndroidManifest.xml:49:13-44
80            android:theme="@android:style/Theme.Translucent.NoTitleBar" >
80-->[com.google.firebase:firebase-auth:20.0.1] AndroidManifest.xml:50:13-72
81            <intent-filter>
81-->[com.google.firebase:firebase-auth:20.0.1] AndroidManifest.xml:51:13-61:29
82                <action android:name="android.intent.action.VIEW" />
82-->[com.google.firebase:firebase-auth:20.0.1] AndroidManifest.xml:34:17-69
82-->[com.google.firebase:firebase-auth:20.0.1] AndroidManifest.xml:34:25-66
83
84                <category android:name="android.intent.category.DEFAULT" />
84-->[com.google.firebase:firebase-auth:20.0.1] AndroidManifest.xml:36:17-76
84-->[com.google.firebase:firebase-auth:20.0.1] AndroidManifest.xml:36:27-73
85                <category android:name="android.intent.category.BROWSABLE" />
85-->[com.google.firebase:firebase-auth:20.0.1] AndroidManifest.xml:37:17-78
85-->[com.google.firebase:firebase-auth:20.0.1] AndroidManifest.xml:37:27-75
86
87                <data
87-->[com.google.firebase:firebase-auth:20.0.1] AndroidManifest.xml:39:17-42:51
88                    android:host="firebase.auth"
88-->[com.google.firebase:firebase-auth:20.0.1] AndroidManifest.xml:40:21-49
89                    android:path="/"
89-->[com.google.firebase:firebase-auth:20.0.1] AndroidManifest.xml:41:21-37
90                    android:scheme="recaptcha" />
90-->[com.google.firebase:firebase-auth:20.0.1] AndroidManifest.xml:42:21-48
91            </intent-filter>
92        </activity>
93
94        <service
94-->[com.google.firebase:firebase-auth:20.0.1] AndroidManifest.xml:64:9-73:19
95            android:name="com.google.firebase.auth.api.fallback.service.FirebaseAuthFallbackService"
95-->[com.google.firebase:firebase-auth:20.0.1] AndroidManifest.xml:65:13-101
96            android:enabled="true"
96-->[com.google.firebase:firebase-auth:20.0.1] AndroidManifest.xml:66:13-35
97            android:exported="false" >
97-->[com.google.firebase:firebase-auth:20.0.1] AndroidManifest.xml:67:13-37
98            <intent-filter>
98-->[com.google.firebase:firebase-auth:20.0.1] AndroidManifest.xml:68:13-72:29
99                <action android:name="com.google.firebase.auth.api.gms.service.START" />
99-->[com.google.firebase:firebase-auth:20.0.1] AndroidManifest.xml:69:17-89
99-->[com.google.firebase:firebase-auth:20.0.1] AndroidManifest.xml:69:25-86
100
101                <category android:name="android.intent.category.DEFAULT" />
101-->[com.google.firebase:firebase-auth:20.0.1] AndroidManifest.xml:36:17-76
101-->[com.google.firebase:firebase-auth:20.0.1] AndroidManifest.xml:36:27-73
102            </intent-filter>
103        </service>
104
105        <provider
105-->[com.google.firebase:firebase-common:19.4.0] AndroidManifest.xml:26:9-31:39
106            android:name="com.google.firebase.provider.FirebaseInitProvider"
106-->[com.google.firebase:firebase-common:19.4.0] AndroidManifest.xml:27:13-77
107            android:authorities="com.example.myapplication.firebaseinitprovider"
107-->[com.google.firebase:firebase-common:19.4.0] AndroidManifest.xml:28:13-72
108            android:directBootAware="true"
108-->[com.google.firebase:firebase-common:19.4.0] AndroidManifest.xml:29:13-43
109            android:exported="false"
109-->[com.google.firebase:firebase-common:19.4.0] AndroidManifest.xml:30:13-37
110            android:initOrder="100" />
110-->[com.google.firebase:firebase-common:19.4.0] AndroidManifest.xml:31:13-36
111
112        <activity
112-->[com.google.android.gms:play-services-base:17.1.0] AndroidManifest.xml:23:9-26:75
113            android:name="com.google.android.gms.common.api.GoogleApiActivity"
113-->[com.google.android.gms:play-services-base:17.1.0] AndroidManifest.xml:24:13-79
114            android:exported="false"
114-->[com.google.android.gms:play-services-base:17.1.0] AndroidManifest.xml:25:13-37
115            android:theme="@android:style/Theme.Translucent.NoTitleBar" />
115-->[com.google.android.gms:play-services-base:17.1.0] AndroidManifest.xml:26:13-72
116
117        <receiver
117-->[com.google.android.gms:play-services-measurement:18.0.0] AndroidManifest.xml:29:9-33:20
118            android:name="com.google.android.gms.measurement.AppMeasurementReceiver"
118-->[com.google.android.gms:play-services-measurement:18.0.0] AndroidManifest.xml:30:13-85
119            android:enabled="true"
119-->[com.google.android.gms:play-services-measurement:18.0.0] AndroidManifest.xml:31:13-35
120            android:exported="false" >
120-->[com.google.android.gms:play-services-measurement:18.0.0] AndroidManifest.xml:32:13-37
121        </receiver>
122
123        <service
123-->[com.google.android.gms:play-services-measurement:18.0.0] AndroidManifest.xml:35:9-38:40
124            android:name="com.google.android.gms.measurement.AppMeasurementService"
124-->[com.google.android.gms:play-services-measurement:18.0.0] AndroidManifest.xml:36:13-84
125            android:enabled="true"
125-->[com.google.android.gms:play-services-measurement:18.0.0] AndroidManifest.xml:37:13-35
126            android:exported="false" />
126-->[com.google.android.gms:play-services-measurement:18.0.0] AndroidManifest.xml:38:13-37
127        <service
127-->[com.google.android.gms:play-services-measurement:18.0.0] AndroidManifest.xml:39:9-43:72
128            android:name="com.google.android.gms.measurement.AppMeasurementJobService"
128-->[com.google.android.gms:play-services-measurement:18.0.0] AndroidManifest.xml:40:13-87
129            android:enabled="true"
129-->[com.google.android.gms:play-services-measurement:18.0.0] AndroidManifest.xml:41:13-35
130            android:exported="false"
130-->[com.google.android.gms:play-services-measurement:18.0.0] AndroidManifest.xml:42:13-37
131            android:permission="android.permission.BIND_JOB_SERVICE" />
131-->[com.google.android.gms:play-services-measurement:18.0.0] AndroidManifest.xml:43:13-69
132
133        <meta-data
133-->[com.google.android.gms:play-services-basement:17.1.0] AndroidManifest.xml:23:9-25:69
134            android:name="com.google.android.gms.version"
134-->[com.google.android.gms:play-services-basement:17.1.0] AndroidManifest.xml:24:13-58
135            android:value="@integer/google_play_services_version" />
135-->[com.google.android.gms:play-services-basement:17.1.0] AndroidManifest.xml:25:13-66
136    </application>
137
138</manifest>